# JRE version: Java(TM) SE Runtime Environment (8.0_221-b11) (build 1.8.0_221-b11)
# Java VM: Java HotSpot(TM) 64-Bit Server VM (25.221-b11 mixed mode windows-amd64 compressed oops)
Heap:
 PSYoungGen      total 57344K, used 11214K [0x0000000780980000, 0x0000000784980000, 0x00000007c0000000)
  eden space 49152K, 9% used [0x0000000780980000,0x0000000780df63f0,0x0000000783980000)
  from space 8192K, 81% used [0x0000000784180000,0x00000007847fd740,0x0000000784980000)
  to   space 8192K, 0% used [0x0000000783980000,0x0000000783980000,0x0000000784180000)
 ParOldGen       total 131072K, used 32K [0x0000000701c00000, 0x0000000709c00000, 0x0000000780980000)
  object space 131072K, 0% used [0x0000000701c00000,0x0000000701c08000,0x0000000709c00000)
 Metaspace       used 14732K, capacity 15468K, committed 15616K, reserved 1062912K
  class space    used 1765K, capacity 1968K, committed 2048K, reserved 1048576K
GC Heap History (4 events):
Event: 2.145 GC heap before
{Heap before GC invocations=1 (full 0):
 PSYoungGen      total 57344K, used 49152K [0x0000000780980000, 0x0000000784980000, 0x00000007c0000000)
  eden space 49152K, 100% used [0x0000000780980000,0x0000000783980000,0x0000000783980000)
  from space 8192K, 0% used [0x0000000784180000,0x0000000784180000,0x0000000784980000)
  to   space 8192K, 0% used [0x0000000783980000,0x0000000783980000,0x0000000784180000)
 ParOldGen       total 131072K, used 0K [0x0000000701c00000, 0x0000000709c00000, 0x0000000780980000)
  object space 131072K, 0% used [0x0000000701c00000,0x0000000701c00000,0x0000000709c00000)
 Metaspace       used 10547K, capacity 10834K, committed 11136K, reserved 1058816K
  class space    used 1178K, capacity 1281K, committed 1408K, reserved 1048576K
Event: 2.152 GC heap after
Heap after GC invocations=1 (full 0):
 PSYoungGen      total 57344K, used 5560K [0x0000000780980000, 0x0000000784980000, 0x00000007c0000000)
  eden space 49152K, 0% used [0x0000000780980000,0x0000000780980000,0x0000000783980000)
  from space 8192K, 67% used [0x0000000783980000,0x0000000783eee2f0,0x0000000784180000)
  to   space 8192K, 0% used [0x0000000784180000,0x0000000784180000,0x0000000784980000)
 ParOldGen       total 131072K, used 24K [0x0000000701c00000, 0x0000000709c00000, 0x0000000780980000)
  object space 131072K, 0% used [0x0000000701c00000,0x0000000701c06000,0x0000000709c00000)
 Metaspace       used 10547K, capacity 10834K, committed 11136K, reserved 1058816K
  class space    used 1178K, capacity 1281K, committed 1408K, reserved 1048576K
}
Event: 12.416 GC heap before
{Heap before GC invocations=2 (full 0):
 PSYoungGen      total 57344K, used 54712K [0x0000000780980000, 0x0000000784980000, 0x00000007c0000000)
  eden space 49152K, 100% used [0x0000000780980000,0x0000000783980000,0x0000000783980000)
  from space 8192K, 67% used [0x0000000783980000,0x0000000783eee2f0,0x0000000784180000)
  to   space 8192K, 0% used [0x0000000784180000,0x0000000784180000,0x0000000784980000)
 ParOldGen       total 131072K, used 24K [0x0000000701c00000, 0x0000000709c00000, 0x0000000780980000)
  object space 131072K, 0% used [0x0000000701c00000,0x0000000701c06000,0x0000000709c00000)
 Metaspace       used 14642K, capacity 15336K, committed 15616K, reserved 1062912K
  class space    used 1764K, capacity 1968K, committed 2048K, reserved 1048576K
Event: 12.424 GC heap after
Heap after GC invocations=2 (full 0):
 PSYoungGen      total 57344K, used 6645K [0x0000000780980000, 0x0000000784980000, 0x00000007c0000000)
  eden space 49152K, 0% used [0x0000000780980000,0x0000000780980000,0x0000000783980000)
  from space 8192K, 81% used [0x0000000784180000,0x00000007847fd740,0x0000000784980000)
  to   space 8192K, 0% used [0x0000000783980000,0x0000000783980000,0x0000000784180000)
 ParOldGen       total 131072K, used 32K [0x0000000701c00000, 0x0000000709c00000, 0x0000000780980000)
  object space 131072K, 0% used [0x0000000701c00000,0x0000000701c08000,0x0000000709c00000)
 Metaspace       used 14642K, capacity 15336K, committed 15616K, reserved 1062912K
  class space    used 1764K, capacity 1968K, committed 2048K, reserved 1048576K
}

