<?xml version="1.0" encoding="UTF-8"?>
<testng-results skipped="0" failed="0" total="1" passed="1">
  <reporter-output>
  </reporter-output>
  <suite name="Test Of TestNG3" duration-ms="23763" started-at="2020-03-22T07:52:52Z" finished-at="2020-03-22T07:53:15Z">
    <groups>
      <group name="cucumber">
        <method signature="AbstractTestNGCucumberTests.feature(cucumber.api.testng.CucumberFeatureWrapper)[pri:0, instance:Runner.CucumberRunner@587d1d39]" name="feature" class="cucumber.api.testng.AbstractTestNGCucumberTests"/>
      </group> <!-- cucumber -->
    </groups>
    <test name="Submission" duration-ms="23763" started-at="2020-03-22T07:52:52Z" finished-at="2020-03-22T07:53:15Z">
      <class name="Runner.CucumberRunner">
        <test-method status="PASS" signature="setUpClass()[pri:0, instance:Runner.CucumberRunner@587d1d39]" name="setUpClass" is-config="true" duration-ms="269" started-at="2020-03-22T15:52:52Z" finished-at="2020-03-22T15:52:52Z">
          <reporter-output>
          </reporter-output>
        </test-method> <!-- setUpClass -->
        <test-method status="PASS" signature="feature(cucumber.api.testng.CucumberFeatureWrapper)[pri:0, instance:Runner.CucumberRunner@587d1d39]" name="feature" duration-ms="23393" started-at="2020-03-22T15:52:52Z" description="Runs Cucumber Feature" data-provider="features" finished-at="2020-03-22T15:53:15Z">
          <params>
            <param index="0">
              <value>
                <![CDATA[TestSubmission]]>
              </value>
            </param>
          </params>
          <reporter-output>
          </reporter-output>
        </test-method> <!-- feature -->
        <test-method status="PASS" signature="tearDownClass()[pri:0, instance:Runner.CucumberRunner@587d1d39]" name="tearDownClass" is-config="true" duration-ms="30" started-at="2020-03-22T15:53:15Z" finished-at="2020-03-22T15:53:15Z">
          <reporter-output>
          </reporter-output>
        </test-method> <!-- tearDownClass -->
      </class> <!-- Runner.CucumberRunner -->
    </test> <!-- Submission -->
  </suite> <!-- Test Of TestNG3 -->
</testng-results>
